<?xml version="1.0" encoding="UTF-8"?>
<!-- Generated by org.testng.reporters.JUnitXMLReporter -->
<testsuite ignored="0" hostname="Dell-Home-laptop" failures="0" tests="6" name="Login" time="76.919" errors="0" timestamp="2024-11-27T19:27:57 AEST">
  <testcase classname="testCases.TC003_LoginDataDriven" name="Verify_LoginByDataDriven" time="6.553"/>
  <testcase classname="testCases.TC003_LoginDataDriven" name="Verify_LoginByDataDriven" time="16.19"/>
  <testcase classname="testCases.TC003_LoginDataDriven" name="Verify_LoginByDataDriven" time="12.174"/>
  <testcase classname="testCases.TC003_LoginDataDriven" name="Verify_LoginByDataDriven" time="3.422"/>
  <testcase classname="testCases.TC003_LoginDataDriven" name="Verify_LoginByDataDriven" time="11.294"/>
  <testcase classname="testCases.TC003_LoginDataDriven" name="Verify_LoginByDataDriven" time="11.979"/>
</testsuite> <!-- Login -->
