<?xml version="1.0" encoding="UTF-8"?>
<testng-results ignored="0" total="6" passed="6" failed="0" skipped="0">
  <reporter-output>
  </reporter-output>
  <suite started-at="2024-11-27T14:15:48 AEST" name="Regression" finished-at="2024-11-27T14:16:49 AEST" duration-ms="60826">
    <groups>
    </groups>
    <test started-at="2024-11-27T14:15:48 AEST" name="Login" finished-at="2024-11-27T14:16:49 AEST" duration-ms="60826">
      <class name="testCases.TC003_LoginDataDriven">
        <test-method is-config="true" signature="setup(java.lang.String)[pri:0, instance:testCases.TC003_LoginDataDriven@702657cc]" started-at="2024-11-27T14:15:48 AEST" name="setup" finished-at="2024-11-27T14:15:58 AEST" duration-ms="9644" status="PASS">
          <params>
            <param index="0">
              <value>
                <![CDATA[chrome]]>
              </value>
            </param>
          </params>
          <reporter-output>
          </reporter-output>
        </test-method> <!-- setup -->
        <test-method signature="Verify_LoginByDataDriven(java.lang.String,java.lang.String,java.lang.String)[pri:0, instance:testCases.TC003_LoginDataDriven@702657cc]" started-at="2024-11-27T14:15:59 AEST" name="Verify_LoginByDataDriven" data-provider="LoginData" finished-at="2024-11-27T14:16:01 AEST" duration-ms="2498" status="PASS">
          <params>
            <param index="0">
              <value>
                <![CDATA[student]]>
              </value>
            </param>
            <param index="1">
              <value>
                <![CDATA[Password123]]>
              </value>
            </param>
            <param index="2">
              <value>
                <![CDATA[Valid]]>
              </value>
            </param>
          </params>
          <reporter-output>
          </reporter-output>
        </test-method> <!-- Verify_LoginByDataDriven -->
        <test-method signature="Verify_LoginByDataDriven(java.lang.String,java.lang.String,java.lang.String)[pri:0, instance:testCases.TC003_LoginDataDriven@702657cc]" started-at="2024-11-27T14:16:01 AEST" name="Verify_LoginByDataDriven" data-provider="LoginData" finished-at="2024-11-27T14:16:12 AEST" duration-ms="10761" status="PASS">
          <params>
            <param index="0">
              <value>
                <![CDATA[professor]]>
              </value>
            </param>
            <param index="1">
              <value>
                <![CDATA[Password123]]>
              </value>
            </param>
            <param index="2">
              <value>
                <![CDATA[Invalid]]>
              </value>
            </param>
          </params>
          <reporter-output>
          </reporter-output>
        </test-method> <!-- Verify_LoginByDataDriven -->
        <test-method signature="Verify_LoginByDataDriven(java.lang.String,java.lang.String,java.lang.String)[pri:0, instance:testCases.TC003_LoginDataDriven@702657cc]" started-at="2024-11-27T14:16:12 AEST" name="Verify_LoginByDataDriven" data-provider="LoginData" finished-at="2024-11-27T14:16:24 AEST" duration-ms="11767" status="PASS">
          <params>
            <param index="0">
              <value>
                <![CDATA[teacher]]>
              </value>
            </param>
            <param index="1">
              <value>
                <![CDATA[Password123]]>
              </value>
            </param>
            <param index="2">
              <value>
                <![CDATA[Invalid]]>
              </value>
            </param>
          </params>
          <reporter-output>
          </reporter-output>
        </test-method> <!-- Verify_LoginByDataDriven -->
        <test-method signature="Verify_LoginByDataDriven(java.lang.String,java.lang.String,java.lang.String)[pri:0, instance:testCases.TC003_LoginDataDriven@702657cc]" started-at="2024-11-27T14:16:24 AEST" name="Verify_LoginByDataDriven" data-provider="LoginData" finished-at="2024-11-27T14:16:26 AEST" duration-ms="2486" status="PASS">
          <params>
            <param index="0">
              <value>
                <![CDATA[student]]>
              </value>
            </param>
            <param index="1">
              <value>
                <![CDATA[Password123]]>
              </value>
            </param>
            <param index="2">
              <value>
                <![CDATA[Valid]]>
              </value>
            </param>
          </params>
          <reporter-output>
          </reporter-output>
        </test-method> <!-- Verify_LoginByDataDriven -->
        <test-method signature="Verify_LoginByDataDriven(java.lang.String,java.lang.String,java.lang.String)[pri:0, instance:testCases.TC003_LoginDataDriven@702657cc]" started-at="2024-11-27T14:16:26 AEST" name="Verify_LoginByDataDriven" data-provider="LoginData" finished-at="2024-11-27T14:16:37 AEST" duration-ms="10686" status="PASS">
          <params>
            <param index="0">
              <value is-null="true"/>
            </param>
            <param index="1">
              <value>
                <![CDATA[Password123]]>
              </value>
            </param>
            <param index="2">
              <value>
                <![CDATA[Invalid]]>
              </value>
            </param>
          </params>
          <reporter-output>
          </reporter-output>
        </test-method> <!-- Verify_LoginByDataDriven -->
        <test-method signature="Verify_LoginByDataDriven(java.lang.String,java.lang.String,java.lang.String)[pri:0, instance:testCases.TC003_LoginDataDriven@702657cc]" started-at="2024-11-27T14:16:37 AEST" name="Verify_LoginByDataDriven" data-provider="LoginData" finished-at="2024-11-27T14:16:49 AEST" duration-ms="11668" status="PASS">
          <params>
            <param index="0">
              <value>
                <![CDATA[student]]>
              </value>
            </param>
            <param index="1">
              <value is-null="true"/>
            </param>
            <param index="2">
              <value>
                <![CDATA[Invalid]]>
              </value>
            </param>
          </params>
          <reporter-output>
          </reporter-output>
        </test-method> <!-- Verify_LoginByDataDriven -->
        <test-method is-config="true" signature="tearDown()[pri:0, instance:testCases.TC003_LoginDataDriven@702657cc]" started-at="2024-11-27T14:16:49 AEST" name="tearDown" finished-at="2024-11-27T14:16:49 AEST" duration-ms="280" status="PASS">
          <reporter-output>
          </reporter-output>
        </test-method> <!-- tearDown -->
      </class> <!-- testCases.TC003_LoginDataDriven -->
    </test> <!-- Login -->
  </suite> <!-- Regression -->
</testng-results>
