<?xml version="1.0" encoding="UTF-8"?>
<!-- Generated by org.testng.reporters.JUnitXMLReporter -->
<testsuite ignored="2" hostname="Dell-Home-laptop" failures="0" tests="4" name="Login" time="43.177" errors="0" timestamp="2024-11-28T20:33:25 AEST">
  <testcase classname="testCases.TC006_CoursesSubscriptionRadioButtons" name="Verify_SubscriptionPage_RadioButtons" time="5.633"/>
  <testcase classname="testCases.TC002_LogInFail" name="Verify_Login_Fail" time="1.494"/>
  <testcase classname="testCases.TC005_PrivacyPolicyLink" name="Verify_PrivacyPolicyLink" time="0.814"/>
  <testcase classname="testCases.TC004_TestException_ElementNotInteractableException" name="Verify_ElementNotInteractableException" time="16.574"/>
  <testcase classname="testCases.TC001_LogInSuccess" name="Veiry_Login_Success" time="0.0">
    <ignored/>
  </testcase> <!-- Veiry_Login_Success -->
  <testcase classname="testCases.TC003_LoginDataDriven" name="Verify_LoginByDataDriven" time="0.0">
    <ignored/>
  </testcase> <!-- Verify_LoginByDataDriven -->
</testsuite> <!-- Login -->
