<?xml version="1.0" encoding="UTF-8"?>
<!-- Generated by org.testng.reporters.JUnitXMLReporter -->
<testsuite ignored="0" hostname="Dell-Home-laptop" failures="0" tests="2" name="Login" time="179.737" errors="0" timestamp="2024-11-29T13:36:39 AEST">
  <testcase classname="testCases.TC008_DeloitteInterview" name="Verify_First_Google_Link_deloitteInterview" time="19.531"/>
  <testcase classname="testCases.TC004_TestException_ElementNotInteractableException" name="Verify_ElementNotInteractableException" time="28.717"/>
</testsuite> <!-- Login -->
