<?xml version="1.0" encoding="UTF-8"?>
<!-- Generated by org.testng.reporters.JUnitXMLReporter -->
<testsuite ignored="0" hostname="Dell-Home-laptop" failures="1" tests="1" name="Login" time="12.925" errors="0" timestamp="2024-11-28T11:40:10 AEST">
  <testcase classname="testCases.TC001_LogInSuccess" name="Veiry_Login_Success" time="0.447">
    <failure type="java.lang.AssertionError" message="null">
      <![CDATA[java.lang.AssertionError: null
at testCases.TC001_LogInSuccess.Veiry_Login_Success(TC001_LogInSuccess.java:41)
at java.base/java.util.ArrayList.forEach(ArrayList.java:1511)
... Removed 27 stack frames]]>
    </failure>
  </testcase> <!-- Veiry_Login_Success -->
</testsuite> <!-- Login -->
