<?xml version="1.0" encoding="UTF-8"?>
<!-- Generated by org.testng.reporters.JUnitXMLReporter -->
<testsuite ignored="0" hostname="Dell-Home-laptop" failures="1" tests="1" name="Loginfirefox" time="115.236" errors="0" timestamp="2024-11-28T11:49:59 AEST">
  <testcase classname="testCases.TC001_LogInSuccess" name="Veiry_Login_Success" time="24.344">
    <failure type="java.lang.AssertionError" message="expected [true] but found [false]">
      <![CDATA[java.lang.AssertionError: expected [true] but found [false]
at testCases.TC001_LogInSuccess.Veiry_Login_Success(TC001_LogInSuccess.java:36)
at java.base/java.util.ArrayList.forEach(ArrayList.java:1511)
at java.base/java.util.concurrent.FutureTask.run(FutureTask.java:317)
at java.base/java.util.concurrent.ThreadPoolExecutor.runWorker(ThreadPoolExecutor.java:1144)
at java.base/java.util.concurrent.ThreadPoolExecutor$Worker.run(ThreadPoolExecutor.java:642)
at java.base/java.lang.Thread.run(Thread.java:1623)
... Removed 19 stack frames]]>
    </failure>
  </testcase> <!-- Veiry_Login_Success -->
</testsuite> <!-- Loginfirefox -->
